 Malloc Address: 37892112
 size of: 1 Number of: 2
 size of: 7 Number of: 0
 size of: 8 Number of: 1
 Total Calls to: 3
 Malloc Address: 37892144
 size of: 1 Number of: 2
 size of: 4 Number of: 1
 Total Calls to: 3
 Malloc Address: 37892176
 size of: 1 Number of: 2
 size of: 4 Number of: 1
 size of: 6 Number of: 0
 Total Calls to: 3
 Malloc Address: 37892208
 size of: 1 Number of: 2
 size of: 4 Number of: 1
 size of: 5 Number of: 0
 Total Calls to: 3
 Malloc Address: 37892240
 size of: 1 Number of: 3
 size of: 4 Number of: 1
 Total Calls to: 4
 Malloc Address: 37892272
 size of: 1 Number of: 3
 size of: 4 Number of: 1
 Total Calls to: 4
 Malloc Address: 37892304
 size of: 1 Number of: 3
 size of: 4 Number of: 1
 Total Calls to: 4
 Malloc Address: 37892336
 size of: 1 Number of: 2
 size of: 4 Number of: 1
 size of: 6 Number of: 0
 Total Calls to: 3
 Malloc Address: 37892368
 size of: 1 Number of: 2
 size of: 4 Number of: 1
 size of: 5 Number of: 0
 Total Calls to: 3
 Malloc Address: 37892400
 size of: 1 Number of: 2
 size of: 2 Number of: 1
 Total Calls to: 3
 Malloc Address: 37892432
 size of: 1232 Number of: 0
 Total Calls to: 0
 Malloc Address: 37893680
 size of: 4 Number of: 15672315
 size of: 8 Number of: 130469
 size of: 81920 Number of: 0
 Total Calls to: 15802784
 Malloc Address: 47874937823248
 size of: 8 Number of: 32
 size of: 33554432 Number of: 0
 Total Calls to: 32
 Malloc Address: 47874971385872
 size of: 8 Number of: 1048386
 size of: 146800640 Number of: 0
 Total Calls to: 1048386
 Malloc Address: 47875118190608
 size of: 8 Number of: 124
 size of: 81264640 Number of: 0
 Total Calls to: 124
 Malloc Address: 47875199459344
 size of: 8 Number of: 1355859
 size of: 146800640 Number of: 0
 Total Calls to: 1355859
 Malloc Address: 47875346264080
 size of: 8 Number of: 493
 size of: 81264640 Number of: 0
 Total Calls to: 493
 Malloc Address: 47875427532816
 size of: 8 Number of: 1297139
 size of: 146800640 Number of: 0
 Total Calls to: 1297139
 Malloc Address: 47875574337552
 size of: 8 Number of: 518
 size of: 81264640 Number of: 0
 Total Calls to: 518
 Malloc Address: 47875655606288
 size of: 8 Number of: 1
 size of: 146800640 Number of: 0
 Total Calls to: 1
 Malloc Address: 47875802411024
 size of: 8 Number of: 428
 size of: 81264640 Number of: 0
 Total Calls to: 428
 Malloc Address: 47875883679760
 size of: 8 Number of: 17
 size of: 106954752 Number of: 0
 Total Calls to: 17
 Malloc Address: 47875990638608
 size of: 8 Number of: 7
 size of: 20971520 Number of: 0
 Total Calls to: 7
 Malloc Address: 47876011614224
 size of: 8 Number of: 6
 size of: 10485760 Number of: 0
 Total Calls to: 6
 Calloc Address: 37975616
 size of: 8 Number of: 2
 size of: 16 Number of: 0
 Total Calls to: 2
 Calloc Address: 37976192
 size of: 8 Number of: 2
 size of: 16 Number of: 0
 Total Calls to: 2
 Calloc Address: 37976768
 size of: 8 Number of: 2
 size of: 16 Number of: 0
 Total Calls to: 2
END OF PINTOOL
